{"/Users/sean.costello/Development/projects/pfa-web-client/src/apps/App.jsx": {"path":"/Users/sean.costello/Development/projects/pfa-web-client/src/apps/App.jsx","statementMap":{"0":{"start":{"line":12,"column":16},"end":{"line":12,"column":38}},"1":{"start":{"line":13,"column":14},"end":{"line":13,"column":30}},"2":{"start":{"line":15,"column":18},"end":{"line":40,"column":1}},"3":{"start":{"line":32,"column":19},"end":{"line":32,"column":43}},"4":{"start":{"line":38,"column":19},"end":{"line":38,"column":45}},"5":{"start":{"line":46,"column":0},"end":{"line":46,"column":67}},"6":{"start":{"line":46,"column":44},"end":{"line":46,"column":67}},"7":{"start":{"line":49,"column":2},"end":{"line":53,"column":17}}},"fnMap":{"0":{"name":"(anonymous_0)","decl":{"start":{"line":32,"column":13},"end":{"line":32,"column":14}},"loc":{"start":{"line":32,"column":19},"end":{"line":32,"column":43}},"line":32},"1":{"name":"(anonymous_1)","decl":{"start":{"line":38,"column":13},"end":{"line":38,"column":14}},"loc":{"start":{"line":38,"column":19},"end":{"line":38,"column":45}},"line":38},"2":{"name":"(anonymous_2)","decl":{"start":{"line":48,"column":15},"end":{"line":48,"column":16}},"loc":{"start":{"line":49,"column":2},"end":{"line":53,"column":17}},"line":49}},"branchMap":{"0":{"loc":{"start":{"line":46,"column":0},"end":{"line":46,"column":67}},"type":"if","locations":[{"start":{"line":46,"column":0},"end":{"line":46,"column":67}},{"start":{"line":46,"column":0},"end":{"line":46,"column":67}}],"line":46}},"s":{"0":0,"1":0,"2":0,"3":0,"4":0,"5":0,"6":0,"7":0},"f":{"0":0,"1":0,"2":0},"b":{"0":[0,0]},"hash":"f2b4cd215719220e6107cb5b368ad96d6b4cf9cf"}
,"/Users/sean.costello/Development/projects/pfa-web-client/src/apps/index.jsx": {"path":"/Users/sean.costello/Development/projects/pfa-web-client/src/apps/index.jsx","statementMap":{"0":{"start":{"line":14,"column":19},"end":{"line":14,"column":50}},"1":{"start":{"line":16,"column":0},"end":{"line":19,"column":1}},"2":{"start":{"line":18,"column":2},"end":{"line":18,"column":39}}},"fnMap":{},"branchMap":{"0":{"loc":{"start":{"line":16,"column":0},"end":{"line":19,"column":1}},"type":"if","locations":[{"start":{"line":16,"column":0},"end":{"line":19,"column":1}},{"start":{"line":16,"column":0},"end":{"line":19,"column":1}}],"line":16}},"s":{"0":0,"1":0,"2":0},"f":{},"b":{"0":[0,0]},"hash":"c1a929fc1d64d4893ceba3f2ddaeb055be4a40f5"}
,"/Users/sean.costello/Development/projects/pfa-web-client/src/apps/common/Layout/Header.jsx": {"path":"/Users/sean.costello/Development/projects/pfa-web-client/src/apps/common/Layout/Header.jsx","statementMap":{"0":{"start":{"line":5,"column":15},"end":{"line":5,"column":87}},"1":{"start":{"line":5,"column":44},"end":{"line":5,"column":87}}},"fnMap":{"0":{"name":"(anonymous_0)","decl":{"start":{"line":5,"column":15},"end":{"line":5,"column":16}},"loc":{"start":{"line":5,"column":44},"end":{"line":5,"column":87}},"line":5}},"branchMap":{"0":{"loc":{"start":{"line":5,"column":18},"end":{"line":5,"column":37}},"type":"default-arg","locations":[{"start":{"line":5,"column":35},"end":{"line":5,"column":37}}],"line":5}},"s":{"0":0,"1":0},"f":{"0":0},"b":{"0":[0]},"hash":"0c7ef67ede262496f9f80e748a13277cee23b80b"}
,"/Users/sean.costello/Development/projects/pfa-web-client/src/apps/common/Layout/SideNav.jsx": {"path":"/Users/sean.costello/Development/projects/pfa-web-client/src/apps/common/Layout/SideNav.jsx","statementMap":{"0":{"start":{"line":7,"column":18},"end":{"line":7,"column":28}},"1":{"start":{"line":9,"column":23},"end":{"line":31,"column":1}},"2":{"start":{"line":12,"column":2},"end":{"line":30,"column":10}},"3":{"start":{"line":17,"column":24},"end":{"line":17,"column":55}},"4":{"start":{"line":18,"column":21},"end":{"line":18,"column":29}},"5":{"start":{"line":22,"column":8},"end":{"line":27,"column":20}}},"fnMap":{"0":{"name":"(anonymous_0)","decl":{"start":{"line":9,"column":23},"end":{"line":9,"column":24}},"loc":{"start":{"line":12,"column":2},"end":{"line":30,"column":10}},"line":12},"1":{"name":"(anonymous_1)","decl":{"start":{"line":17,"column":16},"end":{"line":17,"column":17}},"loc":{"start":{"line":17,"column":24},"end":{"line":17,"column":55}},"line":17},"2":{"name":"(anonymous_2)","decl":{"start":{"line":18,"column":13},"end":{"line":18,"column":14}},"loc":{"start":{"line":18,"column":21},"end":{"line":18,"column":29}},"line":18},"3":{"name":"(anonymous_3)","decl":{"start":{"line":21,"column":21},"end":{"line":21,"column":22}},"loc":{"start":{"line":22,"column":8},"end":{"line":27,"column":20}},"line":22}},"branchMap":{},"s":{"0":0,"1":0,"2":0,"3":0,"4":0,"5":0},"f":{"0":0,"1":0,"2":0,"3":0},"b":{},"hash":"5325616a641d3ca0c846e861f79bfa64057ad63e"}
,"/Users/sean.costello/Development/projects/pfa-web-client/src/apps/common/Layout/index.jsx": {"path":"/Users/sean.costello/Development/projects/pfa-web-client/src/apps/common/Layout/index.jsx","statementMap":{"0":{"start":{"line":9,"column":20},"end":{"line":9,"column":30}},"1":{"start":{"line":11,"column":22},"end":{"line":35,"column":1}},"2":{"start":{"line":12,"column":35},"end":{"line":12,"column":56}},"3":{"start":{"line":14,"column":28},"end":{"line":14,"column":85}},"4":{"start":{"line":14,"column":53},"end":{"line":14,"column":84}},"5":{"start":{"line":16,"column":2},"end":{"line":34,"column":4}},"6":{"start":{"line":20,"column":39},"end":{"line":20,"column":63}},"7":{"start":{"line":28,"column":14},"end":{"line":28,"column":86}}},"fnMap":{"0":{"name":"(anonymous_0)","decl":{"start":{"line":11,"column":22},"end":{"line":11,"column":23}},"loc":{"start":{"line":11,"column":51},"end":{"line":35,"column":1}},"line":11},"1":{"name":"(anonymous_1)","decl":{"start":{"line":14,"column":45},"end":{"line":14,"column":46}},"loc":{"start":{"line":14,"column":53},"end":{"line":14,"column":84}},"line":14},"2":{"name":"(anonymous_2)","decl":{"start":{"line":20,"column":24},"end":{"line":20,"column":25}},"loc":{"start":{"line":20,"column":39},"end":{"line":20,"column":63}},"line":20},"3":{"name":"(anonymous_3)","decl":{"start":{"line":27,"column":27},"end":{"line":27,"column":28}},"loc":{"start":{"line":28,"column":14},"end":{"line":28,"column":86}},"line":28}},"branchMap":{},"s":{"0":0,"1":0,"2":0,"3":0,"4":0,"5":0,"6":0,"7":0},"f":{"0":0,"1":0,"2":0,"3":0},"b":{},"hash":"a3c597678f5e479db74cfc9c1168cfa67987ec50"}
,"/Users/sean.costello/Development/projects/pfa-web-client/src/apps/common/Logos/Bengals.jsx": {"path":"/Users/sean.costello/Development/projects/pfa-web-client/src/apps/common/Logos/Bengals.jsx","statementMap":{"0":{"start":{"line":5,"column":2},"end":{"line":42,"column":8}}},"fnMap":{"0":{"name":"(anonymous_0)","decl":{"start":{"line":4,"column":15},"end":{"line":4,"column":16}},"loc":{"start":{"line":5,"column":2},"end":{"line":42,"column":8}},"line":5}},"branchMap":{},"s":{"0":0},"f":{"0":0},"b":{},"hash":"51d8b6117951c8892604e9bb3c51d51e5a5dfe6f"}
,"/Users/sean.costello/Development/projects/pfa-web-client/src/apps/common/Logos/Lions.jsx": {"path":"/Users/sean.costello/Development/projects/pfa-web-client/src/apps/common/Logos/Lions.jsx","statementMap":{"0":{"start":{"line":5,"column":2},"end":{"line":197,"column":8}}},"fnMap":{"0":{"name":"(anonymous_0)","decl":{"start":{"line":4,"column":15},"end":{"line":4,"column":16}},"loc":{"start":{"line":5,"column":2},"end":{"line":197,"column":8}},"line":5}},"branchMap":{},"s":{"0":0},"f":{"0":0},"b":{},"hash":"e97e82eb5e716868454ab05a06d0b1099e936c1f"}
,"/Users/sean.costello/Development/projects/pfa-web-client/src/apps/common/Logos/index.jsx": {"path":"/Users/sean.costello/Development/projects/pfa-web-client/src/apps/common/Logos/index.jsx","statementMap":{"0":{"start":{"line":6,"column":16},"end":{"line":6,"column":52}},"1":{"start":{"line":6,"column":22},"end":{"line":6,"column":52}},"2":{"start":{"line":8,"column":16},"end":{"line":17,"column":1}},"3":{"start":{"line":10,"column":18},"end":{"line":10,"column":37}},"4":{"start":{"line":14,"column":18},"end":{"line":14,"column":35}},"5":{"start":{"line":19,"column":21},"end":{"line":19,"column":54}},"6":{"start":{"line":19,"column":27},"end":{"line":19,"column":54}},"7":{"start":{"line":22,"column":15},"end":{"line":22,"column":44}},"8":{"start":{"line":24,"column":2},"end":{"line":24,"column":18}}},"fnMap":{"0":{"name":"(anonymous_0)","decl":{"start":{"line":6,"column":16},"end":{"line":6,"column":17}},"loc":{"start":{"line":6,"column":22},"end":{"line":6,"column":52}},"line":6},"1":{"name":"(anonymous_1)","decl":{"start":{"line":10,"column":12},"end":{"line":10,"column":13}},"loc":{"start":{"line":10,"column":18},"end":{"line":10,"column":37}},"line":10},"2":{"name":"(anonymous_2)","decl":{"start":{"line":14,"column":12},"end":{"line":14,"column":13}},"loc":{"start":{"line":14,"column":18},"end":{"line":14,"column":35}},"line":14},"3":{"name":"(anonymous_3)","decl":{"start":{"line":19,"column":21},"end":{"line":19,"column":22}},"loc":{"start":{"line":19,"column":27},"end":{"line":19,"column":54}},"line":19},"4":{"name":"(anonymous_4)","decl":{"start":{"line":21,"column":15},"end":{"line":21,"column":16}},"loc":{"start":{"line":21,"column":29},"end":{"line":25,"column":1}},"line":21}},"branchMap":{"0":{"loc":{"start":{"line":22,"column":15},"end":{"line":22,"column":44}},"type":"binary-expr","locations":[{"start":{"line":22,"column":15},"end":{"line":22,"column":28}},{"start":{"line":22,"column":32},"end":{"line":22,"column":44}}],"line":22}},"s":{"0":0,"1":0,"2":0,"3":0,"4":0,"5":0,"6":0,"7":0,"8":0},"f":{"0":0,"1":0,"2":0,"3":0,"4":0},"b":{"0":[0,0]},"hash":"b55bdaacd8aa848de318e348a8b27df66cd2b2e0"}
,"/Users/sean.costello/Development/projects/pfa-web-client/src/apps/dashboard/index.jsx": {"path":"/Users/sean.costello/Development/projects/pfa-web-client/src/apps/dashboard/index.jsx","statementMap":{"0":{"start":{"line":7,"column":17},"end":{"line":13,"column":1}},"1":{"start":{"line":8,"column":2},"end":{"line":12,"column":9}},"2":{"start":{"line":15,"column":22},"end":{"line":21,"column":1}},"3":{"start":{"line":16,"column":2},"end":{"line":20,"column":9}},"4":{"start":{"line":23,"column":17},"end":{"line":29,"column":1}},"5":{"start":{"line":24,"column":2},"end":{"line":28,"column":9}},"6":{"start":{"line":31,"column":19},"end":{"line":31,"column":60}},"7":{"start":{"line":31,"column":37},"end":{"line":31,"column":60}},"8":{"start":{"line":33,"column":31},"end":{"line":70,"column":1}},"9":{"start":{"line":34,"column":2},"end":{"line":69,"column":19}}},"fnMap":{"0":{"name":"(anonymous_0)","decl":{"start":{"line":7,"column":17},"end":{"line":7,"column":18}},"loc":{"start":{"line":8,"column":2},"end":{"line":12,"column":9}},"line":8},"1":{"name":"(anonymous_1)","decl":{"start":{"line":15,"column":22},"end":{"line":15,"column":23}},"loc":{"start":{"line":16,"column":2},"end":{"line":20,"column":9}},"line":16},"2":{"name":"(anonymous_2)","decl":{"start":{"line":23,"column":17},"end":{"line":23,"column":18}},"loc":{"start":{"line":24,"column":2},"end":{"line":28,"column":9}},"line":24},"3":{"name":"(anonymous_3)","decl":{"start":{"line":31,"column":19},"end":{"line":31,"column":20}},"loc":{"start":{"line":31,"column":37},"end":{"line":31,"column":60}},"line":31},"4":{"name":"(anonymous_4)","decl":{"start":{"line":33,"column":31},"end":{"line":33,"column":32}},"loc":{"start":{"line":34,"column":2},"end":{"line":69,"column":19}},"line":34}},"branchMap":{},"s":{"0":0,"1":0,"2":0,"3":0,"4":0,"5":0,"6":0,"7":0,"8":0,"9":0},"f":{"0":0,"1":0,"2":0,"3":0,"4":0},"b":{},"hash":"d2a04b22f694be2680066ad955af23fa7083386b"}
,"/Users/sean.costello/Development/projects/pfa-web-client/src/apps/franchises/index.jsx": {"path":"/Users/sean.costello/Development/projects/pfa-web-client/src/apps/franchises/index.jsx","statementMap":{"0":{"start":{"line":11,"column":20},"end":{"line":11,"column":32}},"1":{"start":{"line":12,"column":19},"end":{"line":12,"column":30}},"2":{"start":{"line":14,"column":22},"end":{"line":29,"column":1}},"3":{"start":{"line":14,"column":34},"end":{"line":29,"column":1}},"4":{"start":{"line":17,"column":24},"end":{"line":17,"column":34}},"5":{"start":{"line":18,"column":6},"end":{"line":18,"column":37}},"6":{"start":{"line":22,"column":24},"end":{"line":22,"column":34}},"7":{"start":{"line":24,"column":6},"end":{"line":24,"column":48}},"8":{"start":{"line":28,"column":2},"end":{"line":28,"column":45}},"9":{"start":{"line":31,"column":24},"end":{"line":40,"column":1}},"10":{"start":{"line":32,"column":2},"end":{"line":39,"column":15}},"11":{"start":{"line":32,"column":46},"end":{"line":32,"column":74}},"12":{"start":{"line":42,"column":22},"end":{"line":75,"column":1}},"13":{"start":{"line":47,"column":20},"end":{"line":47,"column":75}},"14":{"start":{"line":73,"column":26},"end":{"line":73,"column":54}},"15":{"start":{"line":77,"column":23},"end":{"line":84,"column":1}},"16":{"start":{"line":86,"column":17},"end":{"line":102,"column":1}},"17":{"start":{"line":87,"column":36},"end":{"line":87,"column":59}},"18":{"start":{"line":89,"column":2},"end":{"line":101,"column":4}},"19":{"start":{"line":93,"column":74},"end":{"line":93,"column":93}},"20":{"start":{"line":104,"column":22},"end":{"line":108,"column":1}},"21":{"start":{"line":105,"column":2},"end":{"line":107,"column":9}},"22":{"start":{"line":110,"column":19},"end":{"line":133,"column":1}},"23":{"start":{"line":111,"column":18},"end":{"line":121,"column":3}},"24":{"start":{"line":118,"column":8},"end":{"line":118,"column":100}},"25":{"start":{"line":118,"column":53},"end":{"line":118,"column":83}},"26":{"start":{"line":123,"column":26},"end":{"line":130,"column":5}},"27":{"start":{"line":123,"column":61},"end":{"line":130,"column":3}},"28":{"start":{"line":132,"column":2},"end":{"line":132,"column":100}},"29":{"start":{"line":135,"column":22},"end":{"line":135,"column":71}},"30":{"start":{"line":137,"column":24},"end":{"line":150,"column":1}},"31":{"start":{"line":138,"column":2},"end":{"line":138,"column":36}},"32":{"start":{"line":140,"column":2},"end":{"line":149,"column":4}}},"fnMap":{"0":{"name":"(anonymous_0)","decl":{"start":{"line":14,"column":22},"end":{"line":14,"column":23}},"loc":{"start":{"line":14,"column":34},"end":{"line":29,"column":1}},"line":14},"1":{"name":"(anonymous_1)","decl":{"start":{"line":14,"column":34},"end":{"line":14,"column":35}},"loc":{"start":{"line":14,"column":56},"end":{"line":29,"column":1}},"line":14},"2":{"name":"(anonymous_2)","decl":{"start":{"line":16,"column":4},"end":{"line":16,"column":5}},"loc":{"start":{"line":16,"column":30},"end":{"line":19,"column":5}},"line":16},"3":{"name":"(anonymous_3)","decl":{"start":{"line":21,"column":4},"end":{"line":21,"column":5}},"loc":{"start":{"line":21,"column":13},"end":{"line":25,"column":5}},"line":21},"4":{"name":"(anonymous_4)","decl":{"start":{"line":31,"column":24},"end":{"line":31,"column":25}},"loc":{"start":{"line":32,"column":2},"end":{"line":39,"column":15}},"line":32},"5":{"name":"(anonymous_5)","decl":{"start":{"line":32,"column":41},"end":{"line":32,"column":42}},"loc":{"start":{"line":32,"column":46},"end":{"line":32,"column":74}},"line":32},"6":{"name":"(anonymous_6)","decl":{"start":{"line":47,"column":12},"end":{"line":47,"column":13}},"loc":{"start":{"line":47,"column":20},"end":{"line":47,"column":75}},"line":47},"7":{"name":"(anonymous_7)","decl":{"start":{"line":73,"column":12},"end":{"line":73,"column":13}},"loc":{"start":{"line":73,"column":26},"end":{"line":73,"column":54}},"line":73},"8":{"name":"(anonymous_8)","decl":{"start":{"line":86,"column":17},"end":{"line":86,"column":18}},"loc":{"start":{"line":86,"column":36},"end":{"line":102,"column":1}},"line":86},"9":{"name":"(anonymous_9)","decl":{"start":{"line":93,"column":65},"end":{"line":93,"column":66}},"loc":{"start":{"line":93,"column":74},"end":{"line":93,"column":93}},"line":93},"10":{"name":"(anonymous_10)","decl":{"start":{"line":104,"column":22},"end":{"line":104,"column":23}},"loc":{"start":{"line":105,"column":2},"end":{"line":107,"column":9}},"line":105},"11":{"name":"(anonymous_11)","decl":{"start":{"line":110,"column":19},"end":{"line":110,"column":20}},"loc":{"start":{"line":110,"column":34},"end":{"line":133,"column":1}},"line":110},"12":{"name":"(anonymous_12)","decl":{"start":{"line":117,"column":14},"end":{"line":117,"column":15}},"loc":{"start":{"line":118,"column":8},"end":{"line":118,"column":100}},"line":118},"13":{"name":"(anonymous_13)","decl":{"start":{"line":118,"column":48},"end":{"line":118,"column":49}},"loc":{"start":{"line":118,"column":53},"end":{"line":118,"column":83}},"line":118},"14":{"name":"(anonymous_14)","decl":{"start":{"line":123,"column":47},"end":{"line":123,"column":48}},"loc":{"start":{"line":123,"column":61},"end":{"line":130,"column":3}},"line":123},"15":{"name":"(anonymous_15)","decl":{"start":{"line":137,"column":24},"end":{"line":137,"column":25}},"loc":{"start":{"line":137,"column":30},"end":{"line":150,"column":1}},"line":137}},"branchMap":{"0":{"loc":{"start":{"line":95,"column":7},"end":{"line":99,"column":7}},"type":"cond-expr","locations":[{"start":{"line":96,"column":8},"end":{"line":96,"column":92}},{"start":{"line":98,"column":8},"end":{"line":98,"column":49}}],"line":95}},"s":{"0":0,"1":0,"2":0,"3":0,"4":0,"5":0,"6":0,"7":0,"8":0,"9":0,"10":0,"11":0,"12":0,"13":0,"14":0,"15":0,"16":0,"17":0,"18":0,"19":0,"20":0,"21":0,"22":0,"23":0,"24":0,"25":0,"26":0,"27":0,"28":0,"29":0,"30":0,"31":0,"32":0},"f":{"0":0,"1":0,"2":0,"3":0,"4":0,"5":0,"6":0,"7":0,"8":0,"9":0,"10":0,"11":0,"12":0,"13":0,"14":0,"15":0},"b":{"0":[0,0]},"hash":"2ff3f19bcd934073684ca5d8e190f030e7735eca"}
,"/Users/sean.costello/Development/projects/pfa-web-client/src/apps/widgets/BarChart.jsx": {"path":"/Users/sean.costello/Development/projects/pfa-web-client/src/apps/widgets/BarChart.jsx","statementMap":{"0":{"start":{"line":6,"column":19},"end":{"line":78,"column":1}},"1":{"start":{"line":17,"column":6},"end":{"line":19,"column":7}},"2":{"start":{"line":18,"column":8},"end":{"line":18,"column":49}},"3":{"start":{"line":20,"column":6},"end":{"line":20,"column":88}},"4":{"start":{"line":24,"column":4},"end":{"line":24,"column":38}},"5":{"start":{"line":61,"column":20},"end":{"line":67,"column":5}},"6":{"start":{"line":69,"column":4},"end":{"line":73,"column":6}},"7":{"start":{"line":80,"column":24},"end":{"line":80,"column":82}},"8":{"start":{"line":80,"column":38},"end":{"line":80,"column":82}}},"fnMap":{"0":{"name":"(anonymous_0)","decl":{"start":{"line":16,"column":16},"end":{"line":16,"column":17}},"loc":{"start":{"line":16,"column":23},"end":{"line":21,"column":5}},"line":16},"1":{"name":"(anonymous_1)","decl":{"start":{"line":23,"column":2},"end":{"line":23,"column":3}},"loc":{"start":{"line":23,"column":19},"end":{"line":25,"column":3}},"line":23},"2":{"name":"(anonymous_2)","decl":{"start":{"line":60,"column":18},"end":{"line":60,"column":19}},"loc":{"start":{"line":60,"column":25},"end":{"line":74,"column":3}},"line":60},"3":{"name":"(anonymous_3)","decl":{"start":{"line":80,"column":24},"end":{"line":80,"column":25}},"loc":{"start":{"line":80,"column":38},"end":{"line":80,"column":82}},"line":80}},"branchMap":{"0":{"loc":{"start":{"line":17,"column":6},"end":{"line":19,"column":7}},"type":"if","locations":[{"start":{"line":17,"column":6},"end":{"line":19,"column":7}},{"start":{"line":17,"column":6},"end":{"line":19,"column":7}}],"line":17},"1":{"loc":{"start":{"line":24,"column":11},"end":{"line":24,"column":37}},"type":"binary-expr","locations":[{"start":{"line":24,"column":11},"end":{"line":24,"column":25}},{"start":{"line":24,"column":29},"end":{"line":24,"column":37}}],"line":24}},"s":{"0":0,"1":0,"2":0,"3":0,"4":0,"5":0,"6":0,"7":0,"8":0},"f":{"0":0,"1":0,"2":0,"3":0},"b":{"0":[0,0],"1":[0,0]},"hash":"40dd2e4516a1860de579e6931c916002f49942bc"}
,"/Users/sean.costello/Development/projects/pfa-web-client/src/apps/widgets/Table.jsx": {"path":"/Users/sean.costello/Development/projects/pfa-web-client/src/apps/widgets/Table.jsx","statementMap":{},"fnMap":{},"branchMap":{},"s":{},"f":{},"b":{},"hash":"3cf0274402c2b5c6f0c9dfa99cc45ea97842fcc8"}
,"/Users/sean.costello/Development/projects/pfa-web-client/src/apps/widgets/TrendSpark.jsx": {"path":"/Users/sean.costello/Development/projects/pfa-web-client/src/apps/widgets/TrendSpark.jsx","statementMap":{"0":{"start":{"line":6,"column":19},"end":{"line":13,"column":1}},"1":{"start":{"line":11,"column":19},"end":{"line":11,"column":81}},"2":{"start":{"line":15,"column":29},"end":{"line":15,"column":91}}},"fnMap":{"0":{"name":"(anonymous_0)","decl":{"start":{"line":11,"column":13},"end":{"line":11,"column":14}},"loc":{"start":{"line":11,"column":19},"end":{"line":11,"column":81}},"line":11},"1":{"name":"(anonymous_1)","decl":{"start":{"line":15,"column":15},"end":{"line":15,"column":16}},"loc":{"start":{"line":15,"column":29},"end":{"line":15,"column":91}},"line":15}},"branchMap":{},"s":{"0":0,"1":0,"2":0},"f":{"0":0,"1":0},"b":{},"hash":"06d093dfebe470cb6b2cd9f6486fa773fddbd55e"}
,"/Users/sean.costello/Development/projects/pfa-web-client/src/apps/widgets/index.jsx": {"path":"/Users/sean.costello/Development/projects/pfa-web-client/src/apps/widgets/index.jsx","statementMap":{},"fnMap":{},"branchMap":{},"s":{},"f":{},"b":{},"hash":"4a5e8ad6673fd0066caa9bcbcac86b39605144ff"}
,"/Users/sean.costello/Development/projects/pfa-web-client/src/shared/services/index.js": {"path":"/Users/sean.costello/Development/projects/pfa-web-client/src/shared/services/index.js","statementMap":{},"fnMap":{},"branchMap":{},"s":{},"f":{},"b":{},"hash":"3a26f7b59fb42955b264ec3236736a72b5716b6f"}
,"/Users/sean.costello/Development/projects/pfa-web-client/src/shared/services/api/index.js": {"path":"/Users/sean.costello/Development/projects/pfa-web-client/src/shared/services/api/index.js","statementMap":{"0":{"start":{"line":14,"column":16},"end":{"line":14,"column":54}},"1":{"start":{"line":20,"column":18},"end":{"line":26,"column":2}},"2":{"start":{"line":21,"column":2},"end":{"line":23,"column":3}},"3":{"start":{"line":22,"column":4},"end":{"line":22,"column":148}},"4":{"start":{"line":22,"column":56},"end":{"line":22,"column":146}},"5":{"start":{"line":25,"column":2},"end":{"line":25,"column":68}},"6":{"start":{"line":25,"column":20},"end":{"line":25,"column":68}},"7":{"start":{"line":32,"column":17},"end":{"line":32,"column":91}},"8":{"start":{"line":34,"column":15},"end":{"line":39,"column":2}},"9":{"start":{"line":41,"column":23},"end":{"line":41,"column":110}},"10":{"start":{"line":41,"column":48},"end":{"line":41,"column":110}},"11":{"start":{"line":43,"column":20},"end":{"line":47,"column":1}},"12":{"start":{"line":44,"column":17},"end":{"line":44,"column":57}},"13":{"start":{"line":49,"column":28},"end":{"line":52,"column":2}},"14":{"start":{"line":49,"column":34},"end":{"line":52,"column":2}}},"fnMap":{"0":{"name":"(anonymous_0)","decl":{"start":{"line":20,"column":26},"end":{"line":20,"column":27}},"loc":{"start":{"line":20,"column":63},"end":{"line":26,"column":1}},"line":20},"1":{"name":"(anonymous_1)","decl":{"start":{"line":22,"column":22},"end":{"line":22,"column":23}},"loc":{"start":{"line":22,"column":56},"end":{"line":22,"column":146}},"line":22},"2":{"name":"(anonymous_2)","decl":{"start":{"line":41,"column":23},"end":{"line":41,"column":24}},"loc":{"start":{"line":41,"column":48},"end":{"line":41,"column":110}},"line":41},"3":{"name":"(anonymous_3)","decl":{"start":{"line":44,"column":2},"end":{"line":44,"column":3}},"loc":{"start":{"line":44,"column":17},"end":{"line":44,"column":57}},"line":44},"4":{"name":"(anonymous_4)","decl":{"start":{"line":49,"column":28},"end":{"line":49,"column":29}},"loc":{"start":{"line":49,"column":34},"end":{"line":52,"column":2}},"line":49}},"branchMap":{"0":{"loc":{"start":{"line":14,"column":16},"end":{"line":14,"column":54}},"type":"binary-expr","locations":[{"start":{"line":14,"column":16},"end":{"line":14,"column":36}},{"start":{"line":14,"column":40},"end":{"line":14,"column":54}}],"line":14},"1":{"loc":{"start":{"line":21,"column":2},"end":{"line":23,"column":3}},"type":"if","locations":[{"start":{"line":21,"column":2},"end":{"line":23,"column":3}},{"start":{"line":21,"column":2},"end":{"line":23,"column":3}}],"line":21},"2":{"loc":{"start":{"line":25,"column":2},"end":{"line":25,"column":68}},"type":"if","locations":[{"start":{"line":25,"column":2},"end":{"line":25,"column":68}},{"start":{"line":25,"column":2},"end":{"line":25,"column":68}}],"line":25},"3":{"loc":{"start":{"line":41,"column":48},"end":{"line":41,"column":110}},"type":"binary-expr","locations":[{"start":{"line":41,"column":48},"end":{"line":41,"column":78}},{"start":{"line":41,"column":82},"end":{"line":41,"column":110}}],"line":41}},"s":{"0":0,"1":0,"2":0,"3":0,"4":0,"5":0,"6":0,"7":0,"8":0,"9":0,"10":0,"11":0,"12":0,"13":0,"14":0},"f":{"0":0,"1":0,"2":0,"3":0,"4":0},"b":{"0":[0,0],"1":[0,0],"2":[0,0],"3":[0,0]},"hash":"1ca093d65204a029ced0b7c1f99a36d9499c5446"}
,"/Users/sean.costello/Development/projects/pfa-web-client/src/shared/stores/franchise.js": {"path":"/Users/sean.costello/Development/projects/pfa-web-client/src/shared/stores/franchise.js","statementMap":{"0":{"start":{"line":4,"column":25},"end":{"line":12,"column":1}},"1":{"start":{"line":14,"column":32},"end":{"line":14,"column":77}},"2":{"start":{"line":16,"column":27},"end":{"line":19,"column":2}},"3":{"start":{"line":21,"column":25},"end":{"line":38,"column":5}},"4":{"start":{"line":34,"column":18},"end":{"line":38,"column":3}},"5":{"start":{"line":36,"column":6},"end":{"line":36,"column":47}}},"fnMap":{"0":{"name":"(anonymous_0)","decl":{"start":{"line":34,"column":9},"end":{"line":34,"column":10}},"loc":{"start":{"line":34,"column":18},"end":{"line":38,"column":3}},"line":34},"1":{"name":"(anonymous_1)","decl":{"start":{"line":35,"column":4},"end":{"line":35,"column":5}},"loc":{"start":{"line":35,"column":18},"end":{"line":37,"column":5}},"line":35}},"branchMap":{},"s":{"0":0,"1":0,"2":0,"3":0,"4":0,"5":0},"f":{"0":0,"1":0},"b":{},"hash":"1431596ad61b3e1abf8ccb2722e40368a562edd2"}
,"/Users/sean.costello/Development/projects/pfa-web-client/src/shared/stores/index.js": {"path":"/Users/sean.costello/Development/projects/pfa-web-client/src/shared/stores/index.js","statementMap":{"0":{"start":{"line":7,"column":24},"end":{"line":33,"column":1}},"1":{"start":{"line":35,"column":18},"end":{"line":37,"column":1}},"2":{"start":{"line":39,"column":33},"end":{"line":43,"column":1}},"3":{"start":{"line":45,"column":16},"end":{"line":60,"column":2}},"4":{"start":{"line":45,"column":24},"end":{"line":60,"column":2}},"5":{"start":{"line":46,"column":2},"end":{"line":46,"column":25}},"6":{"start":{"line":47,"column":2},"end":{"line":59,"column":3}},"7":{"start":{"line":50,"column":8},"end":{"line":50,"column":88}},"8":{"start":{"line":52,"column":30},"end":{"line":52,"column":45}},"9":{"start":{"line":54,"column":4},"end":{"line":54,"column":38}},"10":{"start":{"line":55,"column":4},"end":{"line":55,"column":24}},"11":{"start":{"line":57,"column":4},"end":{"line":57,"column":35}},"12":{"start":{"line":58,"column":4},"end":{"line":58,"column":25}},"13":{"start":{"line":62,"column":30},"end":{"line":92,"column":1}},"14":{"start":{"line":63,"column":15},"end":{"line":84,"column":7}},"15":{"start":{"line":68,"column":20},"end":{"line":72,"column":5}},"16":{"start":{"line":70,"column":8},"end":{"line":70,"column":32}},"17":{"start":{"line":73,"column":22},"end":{"line":84,"column":5}},"18":{"start":{"line":76,"column":8},"end":{"line":76,"column":31}},"19":{"start":{"line":80,"column":24},"end":{"line":80,"column":79}},"20":{"start":{"line":82,"column":8},"end":{"line":82,"column":73}},"21":{"start":{"line":82,"column":34},"end":{"line":82,"column":71}},"22":{"start":{"line":86,"column":2},"end":{"line":91,"column":4}}},"fnMap":{"0":{"name":"(anonymous_0)","decl":{"start":{"line":45,"column":16},"end":{"line":45,"column":17}},"loc":{"start":{"line":45,"column":24},"end":{"line":60,"column":2}},"line":45},"1":{"name":"fetch","decl":{"start":{"line":45,"column":39},"end":{"line":45,"column":44}},"loc":{"start":{"line":45,"column":63},"end":{"line":60,"column":1}},"line":45},"2":{"name":"(anonymous_2)","decl":{"start":{"line":62,"column":30},"end":{"line":62,"column":31}},"loc":{"start":{"line":62,"column":36},"end":{"line":92,"column":1}},"line":62},"3":{"name":"(anonymous_3)","decl":{"start":{"line":68,"column":11},"end":{"line":68,"column":12}},"loc":{"start":{"line":68,"column":20},"end":{"line":72,"column":5}},"line":68},"4":{"name":"(anonymous_4)","decl":{"start":{"line":69,"column":6},"end":{"line":69,"column":7}},"loc":{"start":{"line":69,"column":16},"end":{"line":71,"column":7}},"line":69},"5":{"name":"(anonymous_5)","decl":{"start":{"line":73,"column":13},"end":{"line":73,"column":14}},"loc":{"start":{"line":73,"column":22},"end":{"line":84,"column":5}},"line":73},"6":{"name":"(anonymous_6)","decl":{"start":{"line":75,"column":19},"end":{"line":75,"column":20}},"loc":{"start":{"line":75,"column":40},"end":{"line":77,"column":7}},"line":75},"7":{"name":"(anonymous_7)","decl":{"start":{"line":78,"column":18},"end":{"line":78,"column":19}},"loc":{"start":{"line":78,"column":24},"end":{"line":78,"column":26}},"line":78},"8":{"name":"(anonymous_8)","decl":{"start":{"line":79,"column":19},"end":{"line":79,"column":20}},"loc":{"start":{"line":79,"column":25},"end":{"line":83,"column":7}},"line":79},"9":{"name":"(anonymous_9)","decl":{"start":{"line":82,"column":26},"end":{"line":82,"column":27}},"loc":{"start":{"line":82,"column":34},"end":{"line":82,"column":71}},"line":82}},"branchMap":{},"s":{"0":0,"1":0,"2":0,"3":0,"4":0,"5":0,"6":0,"7":0,"8":0,"9":0,"10":0,"11":0,"12":0,"13":0,"14":0,"15":0,"16":0,"17":0,"18":0,"19":0,"20":0,"21":0,"22":0},"f":{"0":0,"1":0,"2":0,"3":0,"4":0,"5":0,"6":0,"7":0,"8":0,"9":0},"b":{},"hash":"9bfed49e8d3f4a4b74dea3f5d66a6bdf77efce2f"}
}
